<?xml version="1.0" encoding="UTF-8"?>

<datasources>
    <xa-datasource jndi-name="java:jboss/datasources/RestTXBridgeJPAQuickstartDS"
                   pool-name="RestTXBridgeJPAQuickstartDS">
        <xa-datasource-class>org.h2.jdbcx.JdbcDataSource</xa-datasource-class>
        <xa-datasource-property name="URL">jdbc:h2:file:./db/rest-tx-bridge-jpa-quickstart;DB_CLOSE_ON_EXIT=FALSE
        </xa-datasource-property>
        <driver>h2</driver>
        <security>
            <!-- Have to defined as a primary property - otherwise it won't work -->
            <user-name>sa</user-name>
            <!-- Have to defined as a primary property - otherwise it won't work -->
            <password>sa</password>
        </security>
    </xa-datasource>
</datasources>