<?xml version="1.0" encoding="UTF-8"?>

<!-- saved at: <war-archive>/WEB-INF/web.xml -->
<messaging-deployment xmlns="urn:jboss:messaging-activemq-deployment:1.0">
    <server>
        <jms-destinations>
            <jms-queue name="cmrTestQueue">
                <entry name="queue/cmr"/>
                <entry name="java:jboss/exported/jms/queue/cmr"/>
                <durable>false</durable>
            </jms-queue>
        </jms-destinations>
    </server>
</messaging-deployment>