<?xml version="1.0" encoding="UTF-8"?>

<messaging-deployment xmlns="urn:jboss:messaging-activemq-deployment:1.0">
    <server>
        <jms-destinations>
            <jms-queue name="restTxBridgeQuickstartJmsQueue">
                <entry name="queue/resttx"/>
                <entry name="java:jboss/exported/jms/queue/resttx"/>
                <durable>false</durable>
            </jms-queue>
        </jms-destinations>
    </server>
</messaging-deployment>